============================================================
  Generated by:           Genus(TM) Synthesis Solution 21.18-s082_1
  Generated on:           Oct 11 2025  05:27:12 pm
  Module:                 Top_wrap
  Operating conditions:   NCCOM (balanced_tree)
  Wireload mode:          segmented
  Area mode:              timing library
============================================================

                                 
   Gate    Instances     Area          Library       
-----------------------------------------------------
AN2XD1           119     257.040    tcbn65lptc       
AN3XD1             5      12.600    tcbn65lptc       
AN4D1              1       2.880    tcbn65lptc       
AN4XD1             6      17.280    tcbn65lptc       
AO211D1            4      11.520    tcbn65lptc       
AO211D2           35     113.400    tcbn65lptc       
AO21D1            14      35.280    tcbn65lptc       
AO221D0           36     129.600    tcbn65lptc       
AO221D2            7      30.240    tcbn65lptc       
AO222D1           48     207.360    tcbn65lptc       
AO22D0           156     449.280    tcbn65lptc       
AO31D1             2       5.760    tcbn65lptc       
AO32D1             5      19.800    tcbn65lptc       
AO33D1             2       7.920    tcbn65lptc       
AOI211XD0          4      10.080    tcbn65lptc       
AOI21D1           17      36.720    tcbn65lptc       
AOI221D0         273     786.240    tcbn65lptc       
AOI222D0          43     154.800    tcbn65lptc       
AOI22D1          612    1542.240    tcbn65lptc       
AOI31D0            1       2.520    tcbn65lptc       
AOI31D1            2       5.040    tcbn65lptc       
AOI32D1           16      46.080    tcbn65lptc       
AOI33D1            2       6.480    tcbn65lptc       
CKAN2D1           16      34.560    tcbn65lptc       
CKND1             35      37.800    tcbn65lptc       
CKND2D0           26      37.440    tcbn65lptc       
CKND2D1           17      24.480    tcbn65lptc       
CKXOR2D1           2       7.200    tcbn65lptc       
DFCNQD2           32     288.000    tcbn65lptc       
DFQD1            992    6785.280    tcbn65lptc       
FA1D0             90     810.000    tcbn65lptc       
HA1D0              1       5.760    tcbn65lptc       
IAO21D0            4      10.080    tcbn65lptc       
IAO21D1           28      70.560    tcbn65lptc       
IIND4D1            1       3.600    tcbn65lptc       
IND2D0             4       8.640    tcbn65lptc       
IND2D1            24      51.840    tcbn65lptc       
IND3D0             1       2.520    tcbn65lptc       
IND3D1             3       7.560    tcbn65lptc       
IND4D1             5      14.400    tcbn65lptc       
INR2D0             2       4.320    tcbn65lptc       
INR2D1            30      64.800    tcbn65lptc       
INR2XD0           17      36.720    tcbn65lptc       
INR3D0             4      10.080    tcbn65lptc       
INR3D1             1       3.600    tcbn65lptc       
INR4D0            11      31.680    tcbn65lptc       
INVD0             20      21.600    tcbn65lptc       
INVD1             95     102.600    tcbn65lptc       
INVD3              2       4.320    tcbn65lptc       
IOA21D1           24      60.480    tcbn65lptc       
LNQD1              3      15.120    tcbn65lptc       
MAOI22D1           4      11.520    tcbn65lptc       
MOAI22D1         993    2859.840    tcbn65lptc       
MUX2ND0            2       5.760    tcbn65lptc       
ND2D0              5       7.200    tcbn65lptc       
ND2D1            208     299.520    tcbn65lptc       
ND3D0              2       4.320    tcbn65lptc       
ND3D1             49     105.840    tcbn65lptc       
ND4D1            212     534.240    tcbn65lptc       
ND4D8              2      15.120    tcbn65lptc       
NR2D0             18      25.920    tcbn65lptc       
NR2D1             45      64.800    tcbn65lptc       
NR2D2             11      27.720    tcbn65lptc       
NR2XD0            30      43.200    tcbn65lptc       
NR2XD1            15      37.800    tcbn65lptc       
NR3D0              2       4.320    tcbn65lptc       
NR4D0              2       5.040    tcbn65lptc       
OA211D1            1       2.880    tcbn65lptc       
OA21D0             2       5.040    tcbn65lptc       
OA21D1             3       7.560    tcbn65lptc       
OA221D0            4      14.400    tcbn65lptc       
OA22D0             2       5.760    tcbn65lptc       
OA31D1             1       2.880    tcbn65lptc       
OAI211D1           7      17.640    tcbn65lptc       
OAI21D1           15      32.400    tcbn65lptc       
OAI221D0          32      92.160    tcbn65lptc       
OAI221D4           5      30.600    tcbn65lptc       
OAI222D0          16      51.840    tcbn65lptc       
OAI22D0            1       2.520    tcbn65lptc       
OAI22D1            5      12.600    tcbn65lptc       
OAI31D1            1       2.520    tcbn65lptc       
OAI32D1            5      14.400    tcbn65lptc       
OR2D0              1       2.160    tcbn65lptc       
OR2D1              3       6.480    tcbn65lptc       
OR2XD1             4       8.640    tcbn65lptc       
OR3XD1             2       5.040    tcbn65lptc       
OR4D2             15      48.600    tcbn65lptc       
PDDW16DGZ        163  929100.000    tpzn65lpgv2od3tc 
PDXOE3DG           1   12350.000    tpzn65lpgv2od3tc 
XNR3D1             1       6.120    tcbn65lptc       
XOR3D1             1       6.120    tcbn65lptc       
-----------------------------------------------------
total           4791  958325.720                     


     Library     Instances    Area    Instances % 
--------------------------------------------------
tcbn65lptc            4627  16875.720        96.6 
tpzn65lpgv2od3tc       164 941450.000         3.4 

                                           
     Type      Instances    Area    Area % 
-------------------------------------------
timing_model         164 941450.000   98.2 
sequential          1027   7088.400    0.7 
inverter             152    166.320    0.0 
logic               3448   9621.000    1.0 
physical_cells         0      0.000    0.0 
-------------------------------------------
total               4791 958325.720  100.0 

