============================================================
  Generated by:           Genus(TM) Synthesis Solution 21.18-s082_1
  Generated on:           Oct 11 2025  05:27:12 pm
  Module:                 Top_wrap
  Operating conditions:   NCCOM (balanced_tree)
  Wireload mode:          segmented
  Area mode:              timing library
============================================================

Timing
--------

Clock  Period 
--------------
CLK   20000.0 


  Cost    Critical        No of gates on  Violating 
 Group   Path Slack  TNS   Critical Path    Paths   
----------------------------------------------------
CLK          9620.9   0.0             37          0 
default    No paths   0.0                           
----------------------------------------------------
Total                 0.0                         0 

Instance Count
--------------
Leaf Instance Count             4791 
Physical Instance count            0 
Sequential Instance Count       1027 
Combinational Instance Count    3764 
Hierarchical Instance Count        1 

Area
----
Cell Area                          958325.720
Physical Cell Area                 0.000
Total Cell Area (Cell+Physical)    958325.720
Net Area                           0.000
Total Area (Cell+Physical+Net)     958325.720

Max Fanout                         1024 (w_clk)
Min Fanout                         0 (MemRead)
Average Fanout                     3.2
Terms to net ratio                 4.1830
Terms to instance ratio            4.3219
Runtime                            63.539592 seconds
Elapsed Runtime                    62 seconds
Genus peak memory usage            1984.25 
Innovus peak memory usage          no_value 
Hostname                           ncdc-0096
